<?xml version="1.0" encoding="UTF-8"?>
<!-- Generated by org.testng.reporters.JUnitReportReporter -->
<testsuite hostname="DU1LSITA112PPH" failures="0" tests="3" name="org.browserstack.test.DemoQAStepDef" time="173.152" errors="0" timestamp="2023-09-27T12:37:53 GST" skipped="0">
  <testcase classname="org.browserstack.test.DemoQAStepDef" name="validateApplicationDetails" time="41.108"/>
  <system-out/>
  <testcase classname="org.browserstack.test.DemoQAStepDef" name="validateApplicationDetails" time="29.254"/>
  <system-out/>
  <testcase classname="org.browserstack.test.DemoQAStepDef" name="validateApplicationDetails" time="102.790"/>
  <system-out/>
</testsuite> <!-- org.browserstack.test.DemoQAStepDef -->
